<?xml version="1.0" encoding="UTF-8"?>
<!-- Generated by org.testng.reporters.JUnitXMLReporter -->
<testsuite ignored="0" hostname="DESKTOP-SUFA48T" failures="1" tests="2" name="regression testing" time="21.289" errors="0" timestamp="2023-12-13T20:32:09 IST">
  <testcase classname="com.test.TC_01" name="Test1" time="6.389">
    <failure type="java.lang.AssertionError" message="Text mismatch:  expected [TextDashboard] but found [Dashboard]">
      <![CDATA[java.lang.AssertionError: Text mismatch:  expected [TextDashboard] but found [Dashboard]
at com.utility.Utility.assertTextEqualsByElementText(Utility.java:111)
at com.test.TC_01.Test1(TC_01.java:37)
at java.base/java.util.ArrayList.forEach(ArrayList.java:1511)
... Removed 32 stack frames]]>
    </failure>
  </testcase> <!-- Test1 -->
  <testcase classname="com.test.TC_MyInfo_006" name="tc_myinfo_006" time="8.564"/>
</testsuite> <!-- regression testing -->
