<?xml version="1.0" encoding="UTF-8"?>
<testng-results ignored="0" total="1" passed="1" failed="0" skipped="0">
  <reporter-output>
  </reporter-output>
  <suite started-at="2023-12-09T20:43:23 IST" name="Default suite" finished-at="2023-12-09T20:43:41 IST" duration-ms="17947">
    <groups>
    </groups>
    <test started-at="2023-12-09T20:43:23 IST" name="Default test" finished-at="2023-12-09T20:43:41 IST" duration-ms="17947">
      <class name="com.test.TC_01">
        <test-method is-config="true" signature="browserSetup()[pri:0, instance:com.test.TC_01@53aac487]" started-at="2023-12-09T20:43:23 IST" name="browserSetup" finished-at="2023-12-09T20:43:26 IST" duration-ms="3000" status="PASS">
          <reporter-output>
          </reporter-output>
        </test-method> <!-- browserSetup -->
        <test-method signature="Test1()[pri:0, instance:com.test.TC_01@53aac487]" started-at="2023-12-09T20:43:26 IST" name="Test1" description="Verify login with valid ESS username and valid password." finished-at="2023-12-09T20:43:40 IST" duration-ms="14317" status="PASS">
          <reporter-output>
          </reporter-output>
        </test-method> <!-- Test1 -->
        <test-method is-config="true" signature="tearUp()[pri:0, instance:com.test.TC_01@53aac487]" started-at="2023-12-09T20:43:40 IST" name="tearUp" finished-at="2023-12-09T20:43:41 IST" duration-ms="567" status="PASS">
          <reporter-output>
          </reporter-output>
        </test-method> <!-- tearUp -->
      </class> <!-- com.test.TC_01 -->
    </test> <!-- Default test -->
  </suite> <!-- Default suite -->
</testng-results>
