<?xml version="1.0" encoding="UTF-8"?>
<testng-results ignored="0" total="1" passed="1" failed="0" skipped="0">
  <reporter-output>
  </reporter-output>
  <suite started-at="2023-12-12T15:04:25 IST" name="Default suite" finished-at="2023-12-12T15:04:46 IST" duration-ms="21430">
    <groups>
    </groups>
    <test started-at="2023-12-12T15:04:25 IST" name="Default test" finished-at="2023-12-12T15:04:46 IST" duration-ms="21430">
      <class name="com.test.TC_MyInfo_006">
        <test-method is-config="true" signature="browserSetup()[pri:0, instance:com.test.TC_MyInfo_006@7ce026d3]" started-at="2023-12-12T15:04:25 IST" name="browserSetup" finished-at="2023-12-12T15:04:28 IST" duration-ms="3477" status="PASS">
          <reporter-output>
          </reporter-output>
        </test-method> <!-- browserSetup -->
        <test-method signature="tc_myinfo_006()[pri:0, instance:com.test.TC_MyInfo_006@7ce026d3]" started-at="2023-12-12T15:04:29 IST" name="tc_myinfo_006" description="Verify ESS user can edit some fileds in Personal Details" finished-at="2023-12-12T15:04:46 IST" duration-ms="17863" status="PASS">
          <reporter-output>
          </reporter-output>
        </test-method> <!-- tc_myinfo_006 -->
        <test-method is-config="true" signature="tearUp()[pri:0, instance:com.test.TC_MyInfo_006@7ce026d3]" started-at="2023-12-12T15:04:46 IST" name="tearUp" finished-at="2023-12-12T15:04:46 IST" duration-ms="3" status="PASS">
          <reporter-output>
          </reporter-output>
        </test-method> <!-- tearUp -->
      </class> <!-- com.test.TC_MyInfo_006 -->
    </test> <!-- Default test -->
  </suite> <!-- Default suite -->
</testng-results>
